<?xml version="1.0" encoding="UTF-8"?>
<testng-results ignored="0" total="1" passed="1" failed="0" skipped="0">
  <reporter-output>
  </reporter-output>
  <suite started-at="2022-11-09T15:38:12 CET" name="Default suite" finished-at="2022-11-09T15:38:19 CET" duration-ms="7254">
    <groups>
    </groups>
    <test started-at="2022-11-09T15:38:12 CET" name="Default test" finished-at="2022-11-09T15:38:19 CET" duration-ms="7254">
      <class name="testCases.FileUploadDemo2">
        <test-method is-config="true" signature="setup()[pri:0, instance:testCases.FileUploadDemo2@1da2cb77]" started-at="2022-11-09T15:38:12 CET" name="setup" finished-at="2022-11-09T15:38:15 CET" duration-ms="3206" status="PASS">
          <reporter-output>
          </reporter-output>
        </test-method> <!-- setup -->
        <test-method signature="robotText()[pri:0, instance:testCases.FileUploadDemo2@1da2cb77]" started-at="2022-11-09T15:38:15 CET" name="robotText" finished-at="2022-11-09T15:38:19 CET" duration-ms="3790" status="PASS">
          <reporter-output>
          </reporter-output>
        </test-method> <!-- robotText -->
        <test-method is-config="true" signature="tearDown()[pri:0, instance:testCases.FileUploadDemo2@1da2cb77]" started-at="2022-11-09T15:38:19 CET" name="tearDown" finished-at="2022-11-09T15:38:19 CET" duration-ms="230" status="PASS">
          <reporter-output>
          </reporter-output>
        </test-method> <!-- tearDown -->
      </class> <!-- testCases.FileUploadDemo2 -->
    </test> <!-- Default test -->
  </suite> <!-- Default suite -->
</testng-results>
